c:\users\chris\desktop\lab compu gráfica\prácticas\practica8\practica8\debug\vc141.pdb
c:\users\chris\desktop\lab compu gráfica\prácticas\practica8\practica8\debug\vc141.idb
c:\users\chris\desktop\lab compu gráfica\prácticas\practica8\practica8\debug\window.obj
c:\users\chris\desktop\lab compu gráfica\prácticas\practica8\practica8\debug\texture.obj
c:\users\chris\desktop\lab compu gráfica\prácticas\practica8\practica8\debug\spotlight.obj
c:\users\chris\desktop\lab compu gráfica\prácticas\practica8\practica8\debug\sphere.obj
c:\users\chris\desktop\lab compu gráfica\prácticas\practica8\practica8\debug\skybox.obj
c:\users\chris\desktop\lab compu gráfica\prácticas\practica8\practica8\debug\shader_light.obj
c:\users\chris\desktop\lab compu gráfica\prácticas\practica8\practica8\debug\pointlight.obj
c:\users\chris\desktop\lab compu gráfica\prácticas\practica8\practica8\debug\model.obj
c:\users\chris\desktop\lab compu gráfica\prácticas\practica8\practica8\debug\mesh_tn.obj
c:\users\chris\desktop\lab compu gráfica\prácticas\practica8\practica8\debug\material.obj
c:\users\chris\desktop\lab compu gráfica\prácticas\practica8\practica8\debug\light.obj
c:\users\chris\desktop\lab compu gráfica\prácticas\practica8\practica8\debug\iluminacion20221.obj
c:\users\chris\desktop\lab compu gráfica\prácticas\practica8\practica8\debug\directionallight.obj
c:\users\chris\desktop\lab compu gráfica\prácticas\practica8\practica8\debug\camera.obj
c:\users\chris\desktop\lab compu gráfica\prácticas\practica8\practica8\debug\base_final.obj
c:\users\chris\desktop\lab compu gráfica\prácticas\practica8\debug\practica8.exe
c:\users\chris\desktop\lab compu gráfica\prácticas\practica8\debug\practica8.ilk
c:\users\chris\desktop\lab compu gráfica\prácticas\practica8\debug\practica8.pdb
c:\users\chris\desktop\lab compu gráfica\prácticas\practica8\practica8\debug\cargamodelos.obj
c:\users\chris\desktop\lab compu gráfica\prácticas\practica8\practica8\debug\practica8.tlog\cl.command.1.tlog
c:\users\chris\desktop\lab compu gráfica\prácticas\practica8\practica8\debug\practica8.tlog\cl.read.1.tlog
c:\users\chris\desktop\lab compu gráfica\prácticas\practica8\practica8\debug\practica8.tlog\cl.write.1.tlog
c:\users\chris\desktop\lab compu gráfica\prácticas\practica8\practica8\debug\practica8.tlog\link.10784-cvtres.read.1.tlog
c:\users\chris\desktop\lab compu gráfica\prácticas\practica8\practica8\debug\practica8.tlog\link.10784-cvtres.write.1.tlog
c:\users\chris\desktop\lab compu gráfica\prácticas\practica8\practica8\debug\practica8.tlog\link.10784-rc.read.1.tlog
c:\users\chris\desktop\lab compu gráfica\prácticas\practica8\practica8\debug\practica8.tlog\link.10784-rc.write.1.tlog
c:\users\chris\desktop\lab compu gráfica\prácticas\practica8\practica8\debug\practica8.tlog\link.10784.read.1.tlog
c:\users\chris\desktop\lab compu gráfica\prácticas\practica8\practica8\debug\practica8.tlog\link.10784.write.1.tlog
c:\users\chris\desktop\lab compu gráfica\prácticas\practica8\practica8\debug\practica8.tlog\link.command.1.tlog
c:\users\chris\desktop\lab compu gráfica\prácticas\practica8\practica8\debug\practica8.tlog\link.read.1.tlog
c:\users\chris\desktop\lab compu gráfica\prácticas\practica8\practica8\debug\practica8.tlog\link.write.1.tlog
